c:\users\admin\source\repos\textanylazer\textanylazer\x64\debug\vc143.pdb
c:\users\admin\source\repos\textanylazer\textanylazer\x64\debug\vc143.idb
c:\users\admin\source\repos\textanylazer\textanylazer\x64\debug\wordcounter.obj
c:\users\admin\source\repos\textanylazer\textanylazer\x64\debug\whitespacecounter.obj
c:\users\admin\source\repos\textanylazer\textanylazer\x64\debug\validationexception.obj
c:\users\admin\source\repos\textanylazer\textanylazer\x64\debug\main.obj
c:\users\admin\source\repos\textanylazer\textanylazer\x64\debug\lettercounter.obj
c:\users\admin\source\repos\textanylazer\textanylazer\x64\debug\textanylazerview.obj
c:\users\admin\source\repos\textanylazer\textanylazer\x64\debug\textanylazermodel.obj
c:\users\admin\source\repos\textanylazer\textanylazer\x64\debug\textanylazercontroller.obj
c:\users\admin\source\repos\textanylazer\textanylazer\x64\debug\specialsymbolcounter.obj
c:\users\admin\source\repos\textanylazer\textanylazer\x64\debug\punctuationcounter.obj
c:\users\admin\source\repos\textanylazer\textanylazer\x64\debug\observable.obj
c:\users\admin\source\repos\textanylazer\textanylazer\x64\debug\digitcounter.obj
c:\users\admin\source\repos\textanylazer\textanylazer\x64\debug\bracketcounter.obj
c:\users\admin\source\repos\textanylazer\x64\debug\textanylazer.exe
c:\users\admin\source\repos\textanylazer\textanylazer\x64\debug\textanylazer.ilk
c:\users\admin\source\repos\textanylazer\x64\debug\textanylazer.pdb
c:\users\admin\source\repos\textanylazer\textanylazer\x64\debug\textanylazer.tlog\cl.command.1.tlog
c:\users\admin\source\repos\textanylazer\textanylazer\x64\debug\textanylazer.tlog\cl.items.tlog
c:\users\admin\source\repos\textanylazer\textanylazer\x64\debug\textanylazer.tlog\cl.read.1.tlog
c:\users\admin\source\repos\textanylazer\textanylazer\x64\debug\textanylazer.tlog\cl.write.1.tlog
c:\users\admin\source\repos\textanylazer\textanylazer\x64\debug\textanylazer.tlog\link.command.1.tlog
c:\users\admin\source\repos\textanylazer\textanylazer\x64\debug\textanylazer.tlog\link.read.1.tlog
c:\users\admin\source\repos\textanylazer\textanylazer\x64\debug\textanylazer.tlog\link.write.1.tlog
